#
# A fatal error has been detected by the Java Runtime Environment:
#
#  EXCEPTION_ACCESS_VIOLATION (0xc0000005) at pc=0x0000000000000000, pid=16100, tid=0x00000000000010a4
#
# JRE version: Java(TM) SE Runtime Environment (8.0_181-b13) (build 1.8.0_181-b13)
# Java VM: Java HotSpot(TM) 64-Bit Server VM (25.181-b13 mixed mode windows-amd64 compressed oops)
# Problematic frame:
# C  0x0000000000000000
#
# Failed to write core dump. Minidumps are not enabled by default on client versions of Windows
#
# If you would like to submit a bug report, please visit:
#   http://bugreport.java.com/bugreport/crash.jsp
#

---------------  T H R E A D  ---------------

Current thread (0x0000000004efe800):  JavaThread "main" [_thread_in_vm, id=4260, stack(0x0000000004df0000,0x0000000004ef0000)]

siginfo: ExceptionCode=0xc0000005, ExceptionInformation=0x0000000000000008 0x0000000000000000

Registers:
RAX=0x000000001b500000, RBX=0x000000000000001b, RCX=0x0000000018e50000, RDX=0x0000000000040000
RSP=0x0000000004eeb1e8, RBP=0x0000000000000000, RSI=0x0000000000000001, RDI=0x0000000000000000
R8 =0x0000000000001000, R9 =0x0000000000000004, R10=0x0000000000000000, R11=0x000000001b500000
R12=0x0000000000040000, R13=0x0000000018e50000, R14=0x0000000000000004, R15=0x0000000000001000
RIP=0x0000000000000000, EFLAGS=0x0000000000010297

Top of Stack: (sp=0x0000000004eeb1e8)
0x0000000004eeb1e8:   00007ffe5c0a5456 0000000000000020
0x0000000004eeb1f8:   00007ffe86766e04 00000000000000e5
0x0000000004eeb208:   00000000007c0082 00000000034302a8
0x0000000004eeb218:   000000001bc426f0 0000000018e90000
0x0000000004eeb228:   0000000000000000 0000000018e50000
0x0000000004eeb238:   0000000000040000 0000000018e50000
0x0000000004eeb248:   00007ffe82ac0094 0000000000040000
0x0000000004eeb258:   0000000000000000 0000000018e50000
0x0000000004eeb268:   12dedfd1b0295779 0000000003430d80
0x0000000004eeb278:   4b55d6ef00000000 0000000003430000
0x0000000004eeb288:   000000001b981c88 0000000003430000
0x0000000004eeb298:   0000000000c0d000 0000000000040000
0x0000000004eeb2a8:   0000000067b8f6da f965887ca0f94b2f
0x0000000004eeb2b8:   0000000003430cc0 0000000004f17f90
0x0000000004eeb2c8:   0000000000000000 eb70c6f800000028
0x0000000004eeb2d8:   0000000000000000 0000000000000000 

Instructions: (pc=0x0000000000000000)
0xffffffffffffffe0:   


Register to memory mapping:

RAX=0x000000001b500000 is an unknown value
RBX=0x000000000000001b is an unknown value
RCX=0x0000000018e50000 is an unknown value
RDX=0x0000000000040000 is an unknown value
RSP=0x0000000004eeb1e8 is pointing into the stack for thread: 0x0000000004efe800
RBP=0x0000000000000000 is an unknown value
RSI=0x0000000000000001 is an unknown value
RDI=0x0000000000000000 is an unknown value
R8 =0x0000000000001000 is an unknown value
R9 =0x0000000000000004 is an unknown value
R10=0x0000000000000000 is an unknown value
R11=0x000000001b500000 is an unknown value
R12=0x0000000000040000 is an unknown value
R13=0x0000000018e50000 is an unknown value
R14=0x0000000000000004 is an unknown value
R15=0x0000000000001000 is an unknown value


Stack: [0x0000000004df0000,0x0000000004ef0000],  sp=0x0000000004eeb1e8,  free space=1004k
Native frames: (J=compiled Java code, j=interpreted, Vv=VM code, C=native code)

Java frames: (J=compiled Java code, j=interpreted, Vv=VM code)
j  java.lang.ClassLoader.defineClass1(Ljava/lang/String;[BIILjava/security/ProtectionDomain;Ljava/lang/String;)Ljava/lang/Class;+0
j  java.lang.ClassLoader.defineClass(Ljava/lang/String;[BIILjava/security/ProtectionDomain;)Ljava/lang/Class;+27
j  java.security.SecureClassLoader.defineClass(Ljava/lang/String;[BIILjava/security/CodeSource;)Ljava/lang/Class;+12
j  java.net.URLClassLoader.defineClass(Ljava/lang/String;Lsun/misc/Resource;)Ljava/lang/Class;+138
j  java.net.URLClassLoader.access$100(Ljava/net/URLClassLoader;Ljava/lang/String;Lsun/misc/Resource;)Ljava/lang/Class;+3
j  java.net.URLClassLoader$1.run()Ljava/lang/Class;+43
j  java.net.URLClassLoader$1.run()Ljava/lang/Object;+1
v  ~StubRoutines::call_stub
J 268  java.security.AccessController.doPrivileged(Ljava/security/PrivilegedExceptionAction;Ljava/security/AccessControlContext;)Ljava/lang/Object; (0 bytes) @ 0x00000000051b44a6 [0x00000000051b4440+0x66]
j  java.net.URLClassLoader.findClass(Ljava/lang/String;)Ljava/lang/Class;+13
j  java.lang.ClassLoader.loadClass(Ljava/lang/String;Z)Ljava/lang/Class;+70
j  sun.misc.Launcher$AppClassLoader.loadClass(Ljava/lang/String;Z)Ljava/lang/Class;+81
j  java.lang.ClassLoader.loadClass(Ljava/lang/String;)Ljava/lang/Class;+3
v  ~StubRoutines::call_stub
j  groovy.lang.GroovyObjectSupport.<init>()V+9
j  groovy.lang.Binding.<init>()V+1
j  groovy.lang.GroovyShell.<init>(Lorg/codehaus/groovy/control/CompilerConfiguration;)V+5
j  groovy.ui.GroovyMain.processOnce()V+8
j  groovy.ui.GroovyMain.run()Z+29
j  groovy.ui.GroovyMain.process(Lgroovyjarjarcommonscli/CommandLine;)Z+602
j  groovy.ui.GroovyMain.processArgs([Ljava/lang/String;Ljava/io/PrintStream;)V+108
j  groovy.ui.GroovyMain.main([Ljava/lang/String;)V+4
v  ~StubRoutines::call_stub
j  sun.reflect.NativeMethodAccessorImpl.invoke0(Ljava/lang/reflect/Method;Ljava/lang/Object;[Ljava/lang/Object;)Ljava/lang/Object;+0
j  sun.reflect.NativeMethodAccessorImpl.invoke(Ljava/lang/Object;[Ljava/lang/Object;)Ljava/lang/Object;+100
j  sun.reflect.DelegatingMethodAccessorImpl.invoke(Ljava/lang/Object;[Ljava/lang/Object;)Ljava/lang/Object;+6
j  java.lang.reflect.Method.invoke(Ljava/lang/Object;[Ljava/lang/Object;)Ljava/lang/Object;+56
j  org.codehaus.groovy.tools.GroovyStarter.rootLoader([Ljava/lang/String;)V+391
j  org.codehaus.groovy.tools.GroovyStarter.main([Ljava/lang/String;)V+1
v  ~StubRoutines::call_stub

---------------  P R O C E S S  ---------------

Java Threads: ( => current thread )
  0x000000001ae43000 JavaThread "Service Thread" daemon [_thread_blocked, id=6728, stack(0x000000001b200000,0x000000001b300000)]
  0x00000000193d3800 JavaThread "C1 CompilerThread2" daemon [_thread_blocked, id=3616, stack(0x000000001ad00000,0x000000001ae00000)]
  0x00000000193cd000 JavaThread "C2 CompilerThread1" daemon [_thread_in_native, id=12708, stack(0x000000001ac00000,0x000000001ad00000)]
  0x00000000193c9800 JavaThread "C2 CompilerThread0" daemon [_thread_blocked, id=17236, stack(0x000000001ab00000,0x000000001ac00000)]
  0x00000000193c8800 JavaThread "Attach Listener" daemon [_thread_blocked, id=11928, stack(0x000000001aa00000,0x000000001ab00000)]
  0x00000000193c7800 JavaThread "Signal Dispatcher" daemon [_thread_blocked, id=11128, stack(0x000000001a900000,0x000000001aa00000)]
  0x00000000193a4800 JavaThread "Finalizer" daemon [_thread_blocked, id=6276, stack(0x000000001a600000,0x000000001a700000)]
  0x0000000004fee000 JavaThread "Reference Handler" daemon [_thread_blocked, id=8548, stack(0x000000001a500000,0x000000001a600000)]
=>0x0000000004efe800 JavaThread "main" [_thread_in_vm, id=4260, stack(0x0000000004df0000,0x0000000004ef0000)]

Other Threads:
  0x0000000019376800 VMThread [stack: 0x000000001a400000,0x000000001a500000] [id=13252]
  0x000000001ae57800 WatcherThread [stack: 0x000000001b300000,0x000000001b400000] [id=11348]

VM state:not at safepoint (normal execution)

VM Mutex/Monitor currently owned by a thread: None

Heap:
 PSYoungGen      total 76288K, used 18411K [0x00000000da180000, 0x00000000df680000, 0x0000000100000000)
  eden space 65536K, 28% used [0x00000000da180000,0x00000000db37afb8,0x00000000de180000)
  from space 10752K, 0% used [0x00000000dec00000,0x00000000dec00000,0x00000000df680000)
  to   space 10752K, 0% used [0x00000000de180000,0x00000000de180000,0x00000000dec00000)
 ParOldGen       total 175104K, used 0K [0x000000008e400000, 0x0000000098f00000, 0x00000000da180000)
  object space 175104K, 0% used [0x000000008e400000,0x000000008e400000,0x0000000098f00000)
 Metaspace       used 3590K, capacity 4728K, committed 4864K, reserved 1056768K
  class space    used 382K, capacity 424K, committed 512K, reserved 1048576K

Card table byte_map: [0x00000000143b0000,0x0000000014740000] byte_map_base: 0x0000000013f3e000

Marking Bits: (ParMarkBitMap*) 0x0000000068192d00
 Begin Bits: [0x0000000014da0000, 0x0000000016a10000)
 End Bits:   [0x0000000016a10000, 0x0000000018680000)

Polling page: 0x0000000003410000

CodeCache: size=245760Kb used=1970Kb max_used=1982Kb free=243789Kb
 bounds [0x0000000004ff0000, 0x0000000005260000, 0x0000000013ff0000]
 total_blobs=544 nmethods=302 adapters=155
 compilation: enabled

Compilation events (10 events):
Event: 0.329 Thread 0x00000000193c9800 nmethod 289 0x00000000051c2450 code [0x00000000051c25a0, 0x00000000051c2a78]
Event: 0.329 Thread 0x00000000193c9800  302       4       java.lang.String::indexOf (166 bytes)
Event: 0.329 Thread 0x00000000193d3800 nmethod 300 0x00000000051dd990 code [0x00000000051ddc40, 0x00000000051df5d8]
Event: 0.329 Thread 0x00000000193d3800  301       3       java.util.concurrent.ConcurrentHashMap::casTabAt (20 bytes)
Event: 0.329 Thread 0x00000000193d3800 nmethod 301 0x00000000051c2110 code [0x00000000051c2260, 0x00000000051c23d0]
Event: 0.330 Thread 0x00000000193d3800  303       1       java.security.ProtectionDomain::getCodeSource (5 bytes)
Event: 0.330 Thread 0x00000000193d3800 nmethod 303 0x00000000051c1e50 code [0x00000000051c1fa0, 0x00000000051c20b0]
Event: 0.334 Thread 0x00000000193c9800 nmethod 302 0x00000000051e0250 code [0x00000000051e03a0, 0x00000000051e08f8]
Event: 0.334 Thread 0x00000000193c9800  284       4       java.util.Arrays::copyOfRange (63 bytes)
Event: 0.335 Thread 0x00000000193c9800 nmethod 284 0x00000000051dbfd0 code [0x00000000051dc120, 0x00000000051dc338]

GC Heap History (0 events):
No events

Deoptimization events (2 events):
Event: 0.190 Thread 0x0000000004efe800 Uncommon trap: reason=unstable_if action=reinterpret pc=0x0000000005106a64 method=java.lang.String.hashCode()I @ 14
Event: 0.267 Thread 0x0000000004efe800 Uncommon trap: reason=unstable_if action=reinterpret pc=0x00000000051762dc method=java.lang.String.regionMatches(ZILjava/lang/String;II)Z @ 95

Classes redefined (0 events):
No events

Internal exceptions (10 events):
Event: 0.174 Thread 0x0000000004efe800 Exception <a 'java/security/PrivilegedActionException'> (0x00000000da97ca40) thrown at [C:\re\workspace\8-2-build-windows-amd64-cygwin\jdk8u181\11358\hotspot\src\share\vm\prims\jvm.cpp, line 1435]
Event: 0.174 Thread 0x0000000004efe800 Exception <a 'java/security/PrivilegedActionException'> (0x00000000da97cc50) thrown at [C:\re\workspace\8-2-build-windows-amd64-cygwin\jdk8u181\11358\hotspot\src\share\vm\prims\jvm.cpp, line 1435]
Event: 0.269 Thread 0x0000000004efe800 Exception <a 'java/security/PrivilegedActionException'> (0x00000000dac50280) thrown at [C:\re\workspace\8-2-build-windows-amd64-cygwin\jdk8u181\11358\hotspot\src\share\vm\prims\jvm.cpp, line 1435]
Event: 0.270 Thread 0x0000000004efe800 Exception <a 'java/security/PrivilegedActionException'> (0x00000000dac50490) thrown at [C:\re\workspace\8-2-build-windows-amd64-cygwin\jdk8u181\11358\hotspot\src\share\vm\prims\jvm.cpp, line 1435]
Event: 0.270 Thread 0x0000000004efe800 Exception <a 'java/security/PrivilegedActionException'> (0x00000000dac52778) thrown at [C:\re\workspace\8-2-build-windows-amd64-cygwin\jdk8u181\11358\hotspot\src\share\vm\prims\jvm.cpp, line 1435]
Event: 0.270 Thread 0x0000000004efe800 Exception <a 'java/security/PrivilegedActionException'> (0x00000000dac52988) thrown at [C:\re\workspace\8-2-build-windows-amd64-cygwin\jdk8u181\11358\hotspot\src\share\vm\prims\jvm.cpp, line 1435]
Event: 0.270 Thread 0x0000000004efe800 Exception <a 'java/security/PrivilegedActionException'> (0x00000000dac54ce8) thrown at [C:\re\workspace\8-2-build-windows-amd64-cygwin\jdk8u181\11358\hotspot\src\share\vm\prims\jvm.cpp, line 1435]
Event: 0.270 Thread 0x0000000004efe800 Exception <a 'java/security/PrivilegedActionException'> (0x00000000dac54ef8) thrown at [C:\re\workspace\8-2-build-windows-amd64-cygwin\jdk8u181\11358\hotspot\src\share\vm\prims\jvm.cpp, line 1435]
Event: 0.281 Thread 0x0000000004efe800 Exception <a 'java/security/PrivilegedActionException'> (0x00000000dacfa1e8) thrown at [C:\re\workspace\8-2-build-windows-amd64-cygwin\jdk8u181\11358\hotspot\src\share\vm\prims\jvm.cpp, line 1435]
Event: 0.281 Thread 0x0000000004efe800 Exception <a 'java/security/PrivilegedActionException'> (0x00000000dacfa3f8) thrown at [C:\re\workspace\8-2-build-windows-amd64-cygwin\jdk8u181\11358\hotspot\src\share\vm\prims\jvm.cpp, line 1435]

Events (10 events):
Event: 0.328 loading class java/lang/InstantiationException
Event: 0.328 loading class java/lang/InstantiationException done
Event: 0.329 loading class groovy/lang/Binding
Event: 0.329 loading class groovy/lang/Binding done
Event: 0.329 Thread 0x0000000004efe800 DEOPT PACKING pc=0x0000000005109e36 sp=0x0000000004eec650
Event: 0.329 Thread 0x0000000004efe800 DEOPT UNPACKING pc=0x0000000005037890 sp=0x0000000004eec328 mode 0
Event: 0.329 loading class groovy/lang/MissingPropertyException
Event: 0.329 loading class groovy/lang/MissingPropertyException done
Event: 0.330 loading class org/codehaus/groovy/runtime/InvokerHelper
Event: 0.330 loading class org/codehaus/groovy/runtime/InvokerHelper done


Dynamic libraries:
0x00007ff6762c0000 - 0x00007ff6762f7000 	C:\Users\volkan.kiper\Downloads\Katalon_Studio_Windows_64-5.8.6 (1)\Katalon_Studio_Windows_64-5.8.6\jre\bin\javaw.exe
0x00007ffe86720000 - 0x00007ffe86900000 	C:\WINDOWS\SYSTEM32\ntdll.dll
0x00007ffe84380000 - 0x00007ffe8442e000 	C:\WINDOWS\System32\KERNEL32.DLL
0x00007ffe82bd0000 - 0x00007ffe82e36000 	C:\WINDOWS\System32\KERNELBASE.dll
0x00007ffe840f0000 - 0x00007ffe84191000 	C:\WINDOWS\System32\ADVAPI32.dll
0x00007ffe844d0000 - 0x00007ffe8456d000 	C:\WINDOWS\System32\msvcrt.dll
0x00007ffe83bf0000 - 0x00007ffe83c4b000 	C:\WINDOWS\System32\sechost.dll
0x00007ffe841a0000 - 0x00007ffe842bf000 	C:\WINDOWS\System32\RPCRT4.dll
0x00007ffe86100000 - 0x00007ffe8628f000 	C:\WINDOWS\System32\USER32.dll
0x00007ffe83990000 - 0x00007ffe839b0000 	C:\WINDOWS\System32\win32u.dll
0x00007ffe840c0000 - 0x00007ffe840e8000 	C:\WINDOWS\System32\GDI32.dll
0x00007ffe839b0000 - 0x00007ffe83b43000 	C:\WINDOWS\System32\gdi32full.dll
0x00007ffe83b50000 - 0x00007ffe83beb000 	C:\WINDOWS\System32\msvcp_win.dll
0x00007ffe836c0000 - 0x00007ffe837b5000 	C:\WINDOWS\System32\ucrtbase.dll
0x00007ffe757a0000 - 0x00007ffe75a09000 	C:\WINDOWS\WinSxS\amd64_microsoft.windows.common-controls_6595b64144ccf1df_6.0.16299.904_none_15cadeb69362db48\COMCTL32.dll
0x00007ffe84680000 - 0x00007ffe84986000 	C:\WINDOWS\System32\combase.dll
0x00007ffe82ef0000 - 0x00007ffe82f62000 	C:\WINDOWS\System32\bcryptPrimitives.dll
0x00007ffe83e40000 - 0x00007ffe83e6d000 	C:\WINDOWS\System32\IMM32.DLL
0x0000000067600000 - 0x00000000676d2000 	C:\Users\volkan.kiper\Downloads\Katalon_Studio_Windows_64-5.8.6 (1)\Katalon_Studio_Windows_64-5.8.6\jre\bin\msvcr100.dll
0x0000000067970000 - 0x0000000068212000 	C:\Users\volkan.kiper\Downloads\Katalon_Studio_Windows_64-5.8.6 (1)\Katalon_Studio_Windows_64-5.8.6\jre\bin\server\jvm.dll
0x00007ffe866e0000 - 0x00007ffe866e8000 	C:\WINDOWS\System32\PSAPI.DLL
0x00007ffe76980000 - 0x00007ffe7698a000 	C:\WINDOWS\SYSTEM32\VERSION.dll
0x00007ffe75170000 - 0x00007ffe75179000 	C:\WINDOWS\SYSTEM32\WSOCK32.dll
0x00007ffe80ea0000 - 0x00007ffe80ec3000 	C:\WINDOWS\SYSTEM32\WINMM.dll
0x0000000004d80000 - 0x0000000004dec000 	C:\WINDOWS\System32\WS2_32.dll
0x00007ffe80e40000 - 0x00007ffe80e6a000 	C:\WINDOWS\SYSTEM32\WINMMBASE.dll
0x00007ffe82e40000 - 0x00007ffe82e8a000 	C:\WINDOWS\System32\cfgmgr32.dll
0x0000000067960000 - 0x000000006796f000 	C:\Users\volkan.kiper\Downloads\Katalon_Studio_Windows_64-5.8.6 (1)\Katalon_Studio_Windows_64-5.8.6\jre\bin\verify.dll
0x0000000067930000 - 0x0000000067959000 	C:\Users\volkan.kiper\Downloads\Katalon_Studio_Windows_64-5.8.6 (1)\Katalon_Studio_Windows_64-5.8.6\jre\bin\java.dll
0x0000000067910000 - 0x0000000067926000 	C:\Users\volkan.kiper\Downloads\Katalon_Studio_Windows_64-5.8.6 (1)\Katalon_Studio_Windows_64-5.8.6\jre\bin\zip.dll
0x00007ffe84c60000 - 0x00007ffe86098000 	C:\WINDOWS\System32\SHELL32.dll
0x00007ffe83e70000 - 0x00007ffe83f16000 	C:\WINDOWS\System32\shcore.dll
0x00007ffe82f70000 - 0x00007ffe836b7000 	C:\WINDOWS\System32\windows.storage.dll
0x00007ffe84320000 - 0x00007ffe84371000 	C:\WINDOWS\System32\shlwapi.dll
0x00007ffe82a90000 - 0x00007ffe82aa1000 	C:\WINDOWS\System32\kernel.appcore.dll
0x00007ffe82ad0000 - 0x00007ffe82b1c000 	C:\WINDOWS\System32\powrprof.dll
0x00007ffe82a70000 - 0x00007ffe82a8b000 	C:\WINDOWS\System32\profapi.dll
0x00007ffe5c0a0000 - 0x00007ffe5c0dd000 	C:\Program Files\Fortinet\FortiClient\AntiExploitCore64.dll
0x00007ffe7a550000 - 0x00007ffe7a719000 	C:\WINDOWS\SYSTEM32\urlmon.dll
0x00007ffe84b60000 - 0x00007ffe84b7d000 	C:\WINDOWS\System32\imagehlp.dll
0x00007ffe770c0000 - 0x00007ffe7735f000 	C:\WINDOWS\SYSTEM32\iertutil.dll
0x00007ffe824e0000 - 0x00007ffe824eb000 	C:\WINDOWS\SYSTEM32\CRYPTBASE.DLL
0x00007ffe74e50000 - 0x00007ffe75018000 	C:\WINDOWS\SYSTEM32\dbghelp.dll

VM Arguments:
jvm_args: -Dgroovy.home=/C:/Users/volkan.kiper/Downloads/Katalon_Studio_Windows_64-5.8.6 (1)/Katalon_Studio_Windows_64-5.8.6/plugins/org.codehaus.groovy_2.4.7.xx-201611170128-e46/ -Xmx1820m -Dfile.encoding=UTF-8 
java_command: org.codehaus.groovy.tools.GroovyStarter --classpath C:\Users\volkan.kiper\Katalon Studio\Sample\Include\scripts\groovy;C:\Users\volkan.kiper\Katalon Studio\Sample\Keywords;C:\Users\volkan.kiper\Katalon Studio\Sample\Libs;C:\Users\volkan.kiper\Katalon Studio\Sample\Test Listeners;C:\Users\volkan.kiper\Downloads\Katalon_Studio_Windows_64-5.8.6 (1)\Katalon_Studio_Windows_64-5.8.6\configuration\resources\lib\bcpkix-jdk15on-1.58.jar;C:\Users\volkan.kiper\Downloads\Katalon_Studio_Windows_64-5.8.6 (1)\Katalon_Studio_Windows_64-5.8.6\configuration\resources\lib\bcprov-jdk15on-1.58.jar;C:\Users\volkan.kiper\Downloads\Katalon_Studio_Windows_64-5.8.6 (1)\Katalon_Studio_Windows_64-5.8.6\configuration\resources\lib\browsermob-core-2.1.5.jar;C:\Users\volkan.kiper\Downloads\Katalon_Studio_Windows_64-5.8.6 (1)\Katalon_Studio_Windows_64-5.8.6\configuration\resources\lib\dnsjava-2.1.8.jar;C:\Users\volkan.kiper\Downloads\Katalon_Studio_Windows_64-5.8.6 (1)\Katalon_Studio_Windows_64-5.8.6\configuration\resources\lib\java-client-5.0.4.jar;C:\Users\volkan.kiper\Downloads\Katalon_Studio_Windows_64-5.8.6 (1)\Katalon_Studio_Windows_64-5.8.6\configuration\resources\lib\jna-4.1.0.jar;C:\Users\volkan.kiper\Downloads\Katalon_Studio_Windows_64-5.8.6 (1)\Katalon_Studio_Windows_64-5.8.6\configuration\resources\lib\jna-platform-4.1.0.jar;C:\Users\volkan.kiper\Downloads\Katalon_Studio_Windows_64-5.8.6 (1)\Katalon_Studio_Windows_64-5.8.6\configuration\resources\lib\jzlib-1.1.3.jar;C:\Users\volkan.kiper\Downloads\Katalon_Studio_Windows_64-5.8.6 (1)\Katalon_Studio_Windows_64-5.8.6\configuration\resources\lib\kat-server.jar;C:\Users\volkan.kiper\Downloads\Katalon_Studio_Windows_64-5.8.6 (1)\Katalon_Studio_Windows_64-5.8.6\configuration\resources\lib\littleproxy-1.1.0-beta-bmp-17.jar;C:\Users\volkan.kiper\Downloads\Katalon_Studio_Windows_64-5.8.6 (1)\Katalon_Studio_Windows_64-5.8.6\configuration\resources\lib\mitm-2.1.5.jar;C:\Users\volkan.kiper\Downloads\Katalon_Studio_Windows_64-5.8.6 (
java_class_path (initial): C:\Users\volkan.kiper\Katalon Studio\Sample\bin\keyword;C:\Users\volkan.kiper\Katalon Studio\Sample\bin\listener;C:\Users\volkan.kiper\Katalon Studio\Sample\bin\lib;C:\Users\volkan.kiper\Katalon Studio\Sample\bin\groovy;C:\Users\volkan.kiper\Katalon Studio\Sample\bin;C:\Users\volkan.kiper\Downloads\Katalon_Studio_Windows_64-5.8.6 (1)\Katalon_Studio_Windows_64-5.8.6\plugins\com.kms.katalon.core_1.0.0.201901020244.jar;C:\Users\volkan.kiper\Downloads\Katalon_Studio_Windows_64-5.8.6 (1)\Katalon_Studio_Windows_64-5.8.6\configuration\resources\lib\bcpkix-jdk15on-1.58.jar;C:\Users\volkan.kiper\Downloads\Katalon_Studio_Windows_64-5.8.6 (1)\Katalon_Studio_Windows_64-5.8.6\configuration\resources\lib\bcprov-jdk15on-1.58.jar;C:\Users\volkan.kiper\Downloads\Katalon_Studio_Windows_64-5.8.6 (1)\Katalon_Studio_Windows_64-5.8.6\configuration\resources\lib\browsermob-core-2.1.5.jar;C:\Users\volkan.kiper\Downloads\Katalon_Studio_Windows_64-5.8.6 (1)\Katalon_Studio_Windows_64-5.8.6\configuration\resources\lib\dnsjava-2.1.8.jar;C:\Users\volkan.kiper\Downloads\Katalon_Studio_Windows_64-5.8.6 (1)\Katalon_Studio_Windows_64-5.8.6\configuration\resources\lib\java-client-5.0.4.jar;C:\Users\volkan.kiper\Downloads\Katalon_Studio_Windows_64-5.8.6 (1)\Katalon_Studio_Windows_64-5.8.6\configuration\resources\lib\jna-4.1.0.jar;C:\Users\volkan.kiper\Downloads\Katalon_Studio_Windows_64-5.8.6 (1)\Katalon_Studio_Windows_64-5.8.6\configuration\resources\lib\jna-platform-4.1.0.jar;C:\Users\volkan.kiper\Downloads\Katalon_Studio_Windows_64-5.8.6 (1)\Katalon_Studio_Windows_64-5.8.6\configuration\resources\lib\jzlib-1.1.3.jar;C:\Users\volkan.kiper\Downloads\Katalon_Studio_Windows_64-5.8.6 (1)\Katalon_Studio_Windows_64-5.8.6\configuration\resources\lib\kat-server.jar;C:\Users\volkan.kiper\Downloads\Katalon_Studio_Windows_64-5.8.6 (1)\Katalon_Studio_Windows_64-5.8.6\configuration\resources\lib\littleproxy-1.1.0-beta-bmp-17.jar;C:\Users\volkan.kiper\Downloads\Katalon_Studio_Windows_
Launcher Type: SUN_STANDARD

Environment Variables:
PATH=C:/Users/volkan.kiper/Downloads/Katalon_Studio_Windows_64-5.8.6 (1)/Katalon_Studio_Windows_64-5.8.6/jre/bin/server;C:/Users/volkan.kiper/Downloads/Katalon_Studio_Windows_64-5.8.6 (1)/Katalon_Studio_Windows_64-5.8.6/jre/bin;C:/Users/volkan.kiper/Downloads/Katalon_Studio_Windows_64-5.8.6 (1)/Katalon_Studio_Windows_64-5.8.6/jre/lib/amd64;C:\Program Files (x86)\Common Files\Oracle\Java\javapath;C:\ProgramData\Oracle\Java\javapath;C:\Program Files (x86)\Intel\iCLS Client\;C:\Program Files\Intel\iCLS Client\;C:\WINDOWS\system32;C:\WINDOWS;C:\WINDOWS\System32\Wbem;C:\WINDOWS\System32\WindowsPowerShell\v1.0\;C:\Program Files\Dell\Dell Data Protection\Drivers\TSS\bin\;C:\Program Files\Intel\WiFi\bin\;C:\Program Files\Common Files\Intel\WirelessCommon\;C:\Program Files (x86)\Intel\Intel(R) Management Engine Components\DAL;C:\Program Files\Intel\Intel(R) Management Engine Components\DAL;C:\Program Files (x86)\Intel\Intel(R) Management Engine Components\IPT;C:\Program Files\Intel\Intel(R) Management Engine Components\IPT;C:\Program Files\Microsoft SQL Server\130\Tools\Binn\;C:\Program Files\dotnet\;C:\Program Files\Calibre2\;C:\Program Files (x86)\Microsoft SQL Server\130\Tools\Binn\;C:\Program Files (x86)\Microsoft SQL Server\130\DTS\Binn\;C:\Program Files\Microsoft SQL Server\130\DTS\Binn\;C:\Program Files\Microsoft SQL Server\Client SDK\ODBC\130\Tools\Binn\;C:\Program Files (x86)\Microsoft SQL Server\Client SDK\ODBC\130\Tools\Binn\;C:\Program Files (x86)\Microsoft SQL Server\140\Tools\Binn\;C:\Program Files (x86)\Microsoft SQL Server\140\DTS\Binn\;C:\Program Files (x86)\Microsoft SQL Server\140\Tools\Binn\ManagementStudio\;C:\Program Files\Git\cmd;C:\Program Files\nodejs\;C:\Users\volkan.kiper\AppData\Local\Microsoft\WindowsApps;C:\Users\volkan.kiper\AppData\Roaming\npm;C:\Users\volkan.kiper\Downloads\Katalon_Studio_Windows_64-5.8.6 (1)\Katalon_Studio_Windows_64-5.8.6;
USERNAME=volkan.kiper
OS=Windows_NT
PROCESSOR_IDENTIFIER=Intel64 Family 6 Model 94 Stepping 3, GenuineIntel



---------------  S Y S T E M  ---------------

OS: Windows 10.0 , 64 bit Build 16299 (10.0.16299.431)

CPU:total 4 (initial active 4) (4 cores per cpu, 1 threads per core) family 6 model 94 stepping 3, cmov, cx8, fxsr, mmx, sse, sse2, sse3, ssse3, sse4.1, sse4.2, popcnt, avx, avx2, aes, clmul, erms, rtm, 3dnowpref, lzcnt, tsc, tscinvbit, bmi1, bmi2, adx

Memory: 4k page, physical 16670356k(9527512k free), swap 19160724k(8797372k free)

vm_info: Java HotSpot(TM) 64-Bit Server VM (25.181-b13) for windows-amd64 JRE (1.8.0_181-b13), built on Jul  7 2018 04:01:33 by "java_re" with MS VC++ 10.0 (VS2010)

time: Tue Feb 19 11:51:21 2019
elapsed time: 0 seconds (0d 0h 0m 0s)

